2020-12-02 23:37:29,331 [Worker-2: Loading available Gradle versions] INFO  o.e.b.c.i.u.g.PublishedGradleVersions - Gradle version information cache is out-of-date. Trying to update.
2020-12-02 23:41:39,860 [Worker-17: Building] INFO  o.e.m.c.i.l.LifecycleMappingFactory - Using org.maven.ide.eclipse.wtp.WarLifecycleMapping lifecycle mapping for MavenProject: com.laptrinhjavaweb:new-jdbc-12-month-2018:1.0 @ C:\Users\quocd\OneDrive\Desktop\laptrinhjavaweb\jsp-servlet-jdbc-master\pom.xml.
2020-12-02 23:41:39,867 [Worker-18: Updating Maven Dependencies] INFO  o.e.m.c.i.l.LifecycleMappingFactory - Using org.maven.ide.eclipse.wtp.WarLifecycleMapping lifecycle mapping for MavenProject: com.laptrinhjavaweb:new-jdbc-12-month-2018:1.0 @ C:\Users\quocd\OneDrive\Desktop\laptrinhjavaweb\jsp-servlet-jdbc-master\pom.xml.
2020-12-02 23:41:47,172 [Worker-17: Building] WARN  o.e.m.c.i.embedder.EclipseLogger - Using platform encoding (Cp1252 actually) to copy filtered resources, i.e. build is platform dependent!
2020-12-02 23:41:47,192 [Worker-17: Building] INFO  o.e.m.c.i.embedder.EclipseLogger - Copying 2 resources
2020-12-02 23:41:47,254 [Worker-17: Building] WARN  o.e.m.c.i.embedder.EclipseLogger - Using platform encoding (Cp1252 actually) to copy filtered resources, i.e. build is platform dependent!
2020-12-02 23:41:47,266 [Worker-17: Building] INFO  o.e.m.c.i.embedder.EclipseLogger - skip non existing resourceDirectory C:\Users\quocd\OneDrive\Desktop\laptrinhjavaweb\jsp-servlet-jdbc-master\src\test\resources
2020-12-02 23:41:48,786 [Worker-17: Building] WARN  o.e.m.c.i.embedder.EclipseLogger - Using platform encoding (Cp1252 actually) to copy filtered resources, i.e. build is platform dependent!
2020-12-02 23:41:48,804 [Worker-17: Building] INFO  o.e.m.c.i.embedder.EclipseLogger - Copying 2 resources
2020-12-02 23:41:49,442 [Worker-22: Updating Maven Dependencies] INFO  o.e.m.c.i.l.LifecycleMappingFactory - Using org.maven.ide.eclipse.wtp.WarLifecycleMapping lifecycle mapping for MavenProject: com.laptrinhjavaweb:new-jdbc-12-month-2018:1.0 @ C:\Users\quocd\OneDrive\Desktop\laptrinhjavaweb\jsp-servlet-jdbc-master\pom.xml.
2020-12-02 23:41:49,446 [Worker-17: Building] WARN  o.e.m.c.i.embedder.EclipseLogger - Using platform encoding (Cp1252 actually) to copy filtered resources, i.e. build is platform dependent!
2020-12-02 23:41:49,460 [Worker-17: Building] INFO  o.e.m.c.i.embedder.EclipseLogger - skip non existing resourceDirectory C:\Users\quocd\OneDrive\Desktop\laptrinhjavaweb\jsp-servlet-jdbc-master\src\test\resources
2020-12-02 23:42:14,523 [Worker-2: Building] WARN  o.e.m.c.i.embedder.EclipseLogger - Using platform encoding (Cp1252 actually) to copy filtered resources, i.e. build is platform dependent!
2020-12-02 23:42:14,536 [Worker-2: Building] INFO  o.e.m.c.i.embedder.EclipseLogger - Copying 0 resource
2020-12-02 23:42:14,538 [Worker-2: Building] WARN  o.e.m.c.i.embedder.EclipseLogger - Using platform encoding (Cp1252 actually) to copy filtered resources, i.e. build is platform dependent!
2020-12-02 23:42:14,552 [Worker-2: Building] INFO  o.e.m.c.i.embedder.EclipseLogger - skip non existing resourceDirectory C:\Users\quocd\OneDrive\Desktop\laptrinhjavaweb\jsp-servlet-jdbc-master\src\test\resources
2020-12-02 23:43:17,928 [Worker-7: Building] WARN  o.e.m.c.i.embedder.EclipseLogger - Using platform encoding (Cp1252 actually) to copy filtered resources, i.e. build is platform dependent!
2020-12-02 23:43:17,941 [Worker-7: Building] INFO  o.e.m.c.i.embedder.EclipseLogger - Copying 2 resources
2020-12-02 23:43:17,944 [Worker-7: Building] WARN  o.e.m.c.i.embedder.EclipseLogger - Using platform encoding (Cp1252 actually) to copy filtered resources, i.e. build is platform dependent!
2020-12-02 23:43:17,956 [Worker-7: Building] INFO  o.e.m.c.i.embedder.EclipseLogger - skip non existing resourceDirectory C:\Users\quocd\OneDrive\Desktop\laptrinhjavaweb\jsp-servlet-jdbc-master\src\test\resources
2020-12-02 23:44:16,894 [Worker-23: Building] WARN  o.e.m.c.i.embedder.EclipseLogger - Using platform encoding (Cp1252 actually) to copy filtered resources, i.e. build is platform dependent!
2020-12-02 23:44:16,909 [Worker-23: Building] INFO  o.e.m.c.i.embedder.EclipseLogger - Copying 2 resources
2020-12-02 23:44:16,912 [Worker-23: Building] WARN  o.e.m.c.i.embedder.EclipseLogger - Using platform encoding (Cp1252 actually) to copy filtered resources, i.e. build is platform dependent!
2020-12-02 23:44:16,925 [Worker-23: Building] INFO  o.e.m.c.i.embedder.EclipseLogger - skip non existing resourceDirectory C:\Users\quocd\OneDrive\Desktop\laptrinhjavaweb\jsp-servlet-jdbc-master\src\test\resources
2020-12-02 23:47:59,557 [Worker-3: Building] WARN  o.e.m.c.i.embedder.EclipseLogger - Using platform encoding (Cp1252 actually) to copy filtered resources, i.e. build is platform dependent!
2020-12-02 23:47:59,576 [Worker-3: Building] INFO  o.e.m.c.i.embedder.EclipseLogger - Copying 2 resources
2020-12-02 23:47:59,579 [Worker-3: Building] WARN  o.e.m.c.i.embedder.EclipseLogger - Using platform encoding (Cp1252 actually) to copy filtered resources, i.e. build is platform dependent!
2020-12-02 23:47:59,601 [Worker-3: Building] INFO  o.e.m.c.i.embedder.EclipseLogger - skip non existing resourceDirectory C:\Users\quocd\OneDrive\Desktop\laptrinhjavaweb\jsp-servlet-jdbc-master\src\test\resources
